[debug] [2022-10-31T01:28:05.481Z] ----------------------------------------------------------------------
[debug] [2022-10-31T01:28:05.485Z] Command:       C:\Users\coope\OneDrive\Desktop\firebase-tools-instant-win.exe C:\Users\coope\.cache\firebase\tools\lib\node_modules\firebase-tools\lib\bin\firebase init
[debug] [2022-10-31T01:28:05.485Z] CLI Version:   11.15.0
[debug] [2022-10-31T01:28:05.486Z] Platform:      win32
[debug] [2022-10-31T01:28:05.486Z] Node Version:  v16.16.0
[debug] [2022-10-31T01:28:05.487Z] Time:          Sun Oct 30 2022 21:28:05 GMT-0400 (Eastern Daylight Time)
[debug] [2022-10-31T01:28:05.487Z] ----------------------------------------------------------------------
[debug] 
[debug] [2022-10-31T01:28:05.623Z] > command requires scopes: ["email","openid","https://www.googleapis.com/auth/cloudplatformprojects.readonly","https://www.googleapis.com/auth/firebase","https://www.googleapis.com/auth/cloud-platform"]
[debug] [2022-10-31T01:28:05.624Z] > authorizing via signed-in user (cooperburwell321@gmail.com)
[info] 
     ######## #### ########  ######## ########     ###     ######  ########
     ##        ##  ##     ## ##       ##     ##  ##   ##  ##       ##
     ######    ##  ########  ######   ########  #########  ######  ######
     ##        ##  ##    ##  ##       ##     ## ##     ##       ## ##
     ##       #### ##     ## ######## ########  ##     ##  ######  ########

You're about to initialize a Firebase project in this directory:

  C:\Users\coope\OneDrive\Desktop\portfolio_react_simple

Before we get started, keep in mind:

  * You are initializing within an existing Firebase project directory

[debug] [2022-10-31T01:31:07.304Z] ----------------------------------------------------------------------
[debug] [2022-10-31T01:31:07.306Z] Command:       C:\Program Files\nodejs\node.exe C:\Users\coope\AppData\Roaming\npm\node_modules\firebase-tools\lib\bin\firebase.js deploy
[debug] [2022-10-31T01:31:07.306Z] CLI Version:   11.15.0
[debug] [2022-10-31T01:31:07.307Z] Platform:      win32
[debug] [2022-10-31T01:31:07.307Z] Node Version:  v16.16.0
[debug] [2022-10-31T01:31:07.308Z] Time:          Sun Oct 30 2022 21:31:07 GMT-0400 (Eastern Daylight Time)
[debug] [2022-10-31T01:31:07.308Z] ----------------------------------------------------------------------
[debug] 
[debug] [2022-10-31T01:31:07.408Z] > command requires scopes: ["email","openid","https://www.googleapis.com/auth/cloudplatformprojects.readonly","https://www.googleapis.com/auth/firebase","https://www.googleapis.com/auth/cloud-platform"]
[debug] [2022-10-31T01:31:07.409Z] > authorizing via signed-in user (cooperburwell321@gmail.com)
[debug] [2022-10-31T01:31:07.409Z] [iam] checking project portfolio-fc90e for permissions ["cloudfunctions.functions.create","cloudfunctions.functions.delete","cloudfunctions.functions.get","cloudfunctions.functions.list","cloudfunctions.functions.update","cloudfunctions.operations.get","datastore.indexes.create","datastore.indexes.delete","datastore.indexes.list","datastore.indexes.update","firebase.projects.get","firebasehosting.sites.update"]
[debug] [2022-10-31T01:31:07.411Z] >>> [apiv2][query] POST https://cloudresourcemanager.googleapis.com/v1/projects/portfolio-fc90e:testIamPermissions [none]
[debug] [2022-10-31T01:31:07.412Z] >>> [apiv2][(partial)header] POST https://cloudresourcemanager.googleapis.com/v1/projects/portfolio-fc90e:testIamPermissions x-goog-quota-user=projects/portfolio-fc90e
[debug] [2022-10-31T01:31:07.412Z] >>> [apiv2][body] POST https://cloudresourcemanager.googleapis.com/v1/projects/portfolio-fc90e:testIamPermissions {"permissions":["cloudfunctions.functions.create","cloudfunctions.functions.delete","cloudfunctions.functions.get","cloudfunctions.functions.list","cloudfunctions.functions.update","cloudfunctions.operations.get","datastore.indexes.create","datastore.indexes.delete","datastore.indexes.list","datastore.indexes.update","firebase.projects.get","firebasehosting.sites.update"]}
[debug] [2022-10-31T01:31:12.259Z] <<< [apiv2][status] POST https://cloudresourcemanager.googleapis.com/v1/projects/portfolio-fc90e:testIamPermissions 200
[debug] [2022-10-31T01:31:12.260Z] <<< [apiv2][body] POST https://cloudresourcemanager.googleapis.com/v1/projects/portfolio-fc90e:testIamPermissions {"permissions":["cloudfunctions.functions.create","cloudfunctions.functions.delete","cloudfunctions.functions.get","cloudfunctions.functions.list","cloudfunctions.functions.update","cloudfunctions.operations.get","datastore.indexes.create","datastore.indexes.delete","datastore.indexes.list","datastore.indexes.update","firebase.projects.get","firebasehosting.sites.update"]}
[debug] [2022-10-31T01:31:12.260Z] >>> [apiv2][query] POST https://iam.googleapis.com/v1/projects/portfolio-fc90e/serviceAccounts/portfolio-fc90e@appspot.gserviceaccount.com:testIamPermissions [none]
[debug] [2022-10-31T01:31:12.260Z] >>> [apiv2][body] POST https://iam.googleapis.com/v1/projects/portfolio-fc90e/serviceAccounts/portfolio-fc90e@appspot.gserviceaccount.com:testIamPermissions {"permissions":["iam.serviceAccounts.actAs"]}
[debug] [2022-10-31T01:31:20.781Z] <<< [apiv2][status] POST https://iam.googleapis.com/v1/projects/portfolio-fc90e/serviceAccounts/portfolio-fc90e@appspot.gserviceaccount.com:testIamPermissions 404
[debug] [2022-10-31T01:31:20.781Z] <<< [apiv2][body] POST https://iam.googleapis.com/v1/projects/portfolio-fc90e/serviceAccounts/portfolio-fc90e@appspot.gserviceaccount.com:testIamPermissions {"error":{"code":404,"message":"Unknown service account","status":"NOT_FOUND"}}
[debug] [2022-10-31T01:31:20.783Z] [functions] service account IAM check errored, deploy may fail:HTTP Error: 404, Unknown service account {"name":"FirebaseError","children":[],"context":{"body":{"error":{"code":404,"message":"Unknown service account","status":"NOT_FOUND"}},"response":{"statusCode":404}},"exit":1,"message":"HTTP Error: 404, Unknown service account","status":404}
[debug] [2022-10-31T01:31:20.785Z] >>> [apiv2][query] GET https://firebase.googleapis.com/v1beta1/projects/portfolio-fc90e [none]
[debug] [2022-10-31T01:31:29.239Z] <<< [apiv2][status] GET https://firebase.googleapis.com/v1beta1/projects/portfolio-fc90e 200
[debug] [2022-10-31T01:31:29.239Z] <<< [apiv2][body] GET https://firebase.googleapis.com/v1beta1/projects/portfolio-fc90e {"projectId":"portfolio-fc90e","projectNumber":"649794351432","displayName":"Portfolio","name":"projects/portfolio-fc90e","resources":{"hostingSite":"portfolio-fc90e"},"state":"ACTIVE","etag":"1_d8a03bf5-ed8e-4a48-9fda-fe3a1699c7d6"}
[info] 
[info] === Deploying to 'portfolio-fc90e'...
[info] 
[info] i  deploying firestore, functions, hosting 
[debug] [2022-10-31T01:31:33.535Z] TypeError [ERR_INVALID_ARG_TYPE]: The "path" argument must be of type string. Received undefined
    at new NodeError (node:internal/errors:372:5)
    at validateString (node:internal/validators:120:11)
    at Object.join (node:path:429:7)
    at Config.path (C:\Users\coope\AppData\Roaming\npm\node_modules\firebase-tools\lib\config.js:123:45)
    at getChildEnvironment (C:\Users\coope\AppData\Roaming\npm\node_modules\firebase-tools\lib\deploy\lifecycleHooks.js:51:49)
    at runTargetCommands (C:\Users\coope\AppData\Roaming\npm\node_modules\firebase-tools\lib\deploy\lifecycleHooks.js:72:14)
    at C:\Users\coope\AppData\Roaming\npm\node_modules\firebase-tools\lib\deploy\lifecycleHooks.js:124:24
    at processTicksAndRejections (node:internal/process/task_queues:96:5)
    at async chain (C:\Users\coope\AppData\Roaming\npm\node_modules\firebase-tools\lib\deploy\index.js:35:9)
    at async deploy (C:\Users\coope\AppData\Roaming\npm\node_modules\firebase-tools\lib\deploy\index.js:78:5)
[error] 
[error] Error: An unexpected error has occurred.
